{
  "RSpec": {
    "coverage": {
      "/Users/cyrus/Documents/dwemthys_array_revamped/spec/creature_actions_spec.rb": [
        1,
        null,
        1,
        1,
        1,
        1,
        null,
        1,
        19,
        19,
        19,
        19,
        null,
        null,
        null,
        1,
        null,
        1,
        15,
        15,
        null,
        null,
        1,
        null,
        1,
        1,
        null,
        1,
        null,
        1,
        null,
        null,
        1,
        1,
        null,
        1,
        null,
        1,
        null,
        null,
        1,
        1,
        null,
        1,
        null,
        1,
        null,
        null,
        1,
        1,
        null,
        1,
        null,
        1,
        null,
        null,
        1,
        1,
        null,
        1,
        null,
        1,
        null,
        null,
        null,
        null,
        1,
        null,
        1,
        4,
        null,
        null,
        1,
        1,
        null,
        1,
        null,
        1,
        null,
        null,
        1,
        1,
        1,
        1,
        null,
        1,
        null,
        1,
        null,
        null,
        1,
        1,
        null,
        1,
        null,
        1,
        null,
        null,
        1,
        1,
        null,
        1,
        null,
        1,
        null,
        null,
        null,
        null,
        1,
        null,
        1,
        1,
        null,
        1,
        null,
        null,
        1,
        1,
        null,
        1,
        null,
        null,
        1,
        1,
        null,
        1,
        null,
        null,
        1,
        1,
        null,
        1,
        null,
        null,
        1,
        1,
        null,
        1,
        null,
        null,
        1,
        1,
        null,
        1,
        null,
        null,
        null,
        null,
        null
      ],
      "/Users/cyrus/Documents/dwemthys_array_revamped/lib/creature_actions.rb": [
        1,
        null,
        1,
        23,
        23,
        null,
        null,
        1,
        12,
        1,
        1,
        null,
        11,
        11,
        null,
        null,
        1,
        29,
        29,
        4,
        4,
        null,
        25,
        null,
        null,
        1,
        null,
        1,
        18,
        18,
        18,
        18,
        18,
        null,
        null,
        null
      ],
      "/Users/cyrus/Documents/dwemthys_array_revamped/spec/rabbit_spec.rb": [
        1,
        null,
        1,
        null,
        1,
        11,
        27,
        null,
        null,
        1,
        null,
        1,
        1,
        null,
        null,
        1,
        1,
        null,
        null,
        1,
        1,
        null,
        null,
        1,
        1,
        null,
        null,
        1,
        1,
        null,
        null,
        null,
        null,
        1,
        null,
        1,
        6,
        null,
        null,
        1,
        1,
        null,
        1,
        null,
        1,
        null,
        null,
        1,
        1,
        null,
        1,
        null,
        1,
        null,
        null,
        1,
        1,
        null,
        1,
        null,
        1,
        null,
        null,
        1,
        1,
        null,
        1,
        null,
        1,
        null,
        null,
        1,
        1,
        null,
        1,
        null,
        1,
        null,
        null,
        1,
        1,
        null,
        6,
        null,
        1,
        null,
        null,
        null,
        null,
        null
      ],
      "/Users/cyrus/Documents/dwemthys_array_revamped/lib/rabbit.rb": [
        1,
        1,
        null,
        1,
        1,
        null,
        1,
        1,
        1,
        1,
        1,
        null,
        1,
        1,
        null,
        null,
        1,
        1,
        null,
        null,
        1,
        2,
        2,
        2,
        2,
        null,
        null,
        1,
        6,
        2,
        2,
        null,
        4,
        4,
        null,
        null,
        null
      ],
      "/Users/cyrus/Documents/dwemthys_array_revamped/lib/creature.rb": [
        1,
        null,
        1,
        null,
        1,
        5,
        5,
        null,
        null,
        null,
        1,
        19,
        2,
        2,
        5,
        5,
        5,
        5,
        null,
        null,
        null,
        2,
        2,
        17,
        85,
        null,
        null,
        null,
        null,
        null,
        1,
        null,
        null
      ]
    },
    "timestamp": 1465676960
  }
}
